#
# A fatal error has been detected by the Java Runtime Environment:
#
#  EXCEPTION_ACCESS_VIOLATION (0xc0000005) at pc=0x00007ff9482a6b77, pid=19292, tid=16216
#
# JRE version: OpenJDK Runtime Environment Microsoft-13877171 (21.0.11+10) (build 21.0.11+10-LTS)
# Java VM: OpenJDK 64-Bit Server VM Microsoft-13877171 (21.0.11+10-LTS, mixed mode, sharing, tiered, compressed oops, compressed class ptrs, g1 gc, windows-amd64)
# Problematic frame:
# C  [glass.dll+0x26b77]
#
# No core dump will be written. Minidumps are not enabled by default on client versions of Windows
#
# If you would like to submit a bug report, please visit:
#   https://github.com/microsoft/openjdk/issues
#

---------------  S U M M A R Y ------------

Command Line: --module-path=D:\openjfx-21.0.11_windows-x64_bin-sdk\javafx-sdk-21.0.11\lib --add-modules=javafx.controls,javafx.fxml -javaagent:C:\Program Files\JetBrains\IntelliJ IDEA 2025.3.2\lib\idea_rt.jar=51641 -Dfile.encoding=UTF-8 -Dsun.stdout.encoding=UTF-8 -Dsun.stderr.encoding=UTF-8 com.CareVibe.Main

Host: AMD Ryzen 5 7520U with Radeon Graphics         , 8 cores, 7G,  Windows 11 , 64 bit Build 26100 (10.0.26100.8328)
Time: Fri Jun 12 01:19:37 2026 SE Asia Standard Time elapsed time: 132.793673 seconds (0d 0h 2m 12s)

---------------  T H R E A D  ---------------

Current thread (0x000001ed3f3df450):  VMThread "VM Thread"          [id=16216, stack(0x000000c99ce00000,0x000000c99cf00000) (1024K)]

Stack: [0x000000c99ce00000,0x000000c99cf00000],  sp=0x000000c99cefeb30,  free space=1018k
Native frames: (J=compiled Java code, j=interpreted, Vv=VM code, C=native code)
C  [glass.dll+0x26b77]  (no source info available)


siginfo: EXCEPTION_ACCESS_VIOLATION (0xc0000005), reading address 0x0000000000000000


Registers:
RAX=0x0000000000000000, RBX=0x000001ed3f3e7bda, RCX=0x000001ed3f3df450, RDX=0x000000c99cefeb30
RSP=0x000000c99cefeb30, RBP=0x00007caa8990b197, RSI=0x000001ed853629f8, RDI=0x000001ed853629d0
R8 =0x0000000000010002, R9 =0x00007caa8990b197, R10=0x000001ed20650000, R11=0x000000c99cefe9e0
R12=0x000000007ffe0385, R13=0x0000000000000001, R14=0x000000c99cefec38, R15=0x000001ed853629d0
RIP=0x00007ff9482a6b77, EFLAGS=0x0000000000010206

XMM[0]=0x0000000000000000 0x0000000000000000
XMM[1]=0x0000000000000000 0x000000c99cefd740
XMM[2]=0x0000000000000000 0x0000000000000000
XMM[3]=0x0000000000000000 0x0000000000000000
XMM[4]=0x0000000000000000 0x0000000000000000
XMM[5]=0x0000000000000000 0x0000000000000000
XMM[6]=0x0000000000000000 0x0000000000000000
XMM[7]=0x0000000000000000 0x0000000000000000
XMM[8]=0x0000000000000000 0x404e000000000000
XMM[9]=0x0000000000000000 0x0000000000000000
XMM[10]=0x0000000000000000 0x0000000000000000
XMM[11]=0x0000000000000000 0x0000000000000000
XMM[12]=0x0000000000000000 0x0000000000000000
XMM[13]=0x0000000000000000 0x0000000000000000
XMM[14]=0x0000000000000000 0x0000000000000000
XMM[15]=0x0000000000000000 0x0000000000000000
  MXCSR=0x00001fa0


Register to memory mapping:

RAX=0x0 is null
RBX=0x000001ed3f3e7bda is a global jni handle
RCX=0x000001ed3f3df450 points into unknown readable memory: 0x00007ff8f2840228 | 28 02 84 f2 f8 7f 00 00
RDX=0x000000c99cefeb30 points into unknown readable memory: 0x0000000000000000 | 00 00 00 00 00 00 00 00
RSP=0x000000c99cefeb30 points into unknown readable memory: 0x0000000000000000 | 00 00 00 00 00 00 00 00
RBP=0x00007caa8990b197 is an unknown value
RSI=0x000001ed853629f8 points into unknown readable memory: 0x00007caa8990b197 | 97 b1 90 89 aa 7c 00 00
RDI=0x000001ed853629d0 points into unknown readable memory: 0xfca469b56590b1a8 | a8 b1 90 65 b5 69 a4 fc
R8 =0x0000000000010002 is an unknown value
R9 =0x00007caa8990b197 is an unknown value
R10=0x000001ed20650000 points into unknown readable memory: 0x0000000000000000 | 00 00 00 00 00 00 00 00
R11=0x000000c99cefe9e0 points into unknown readable memory: 0x0000000000000000 | 00 00 00 00 00 00 00 00
R12=0x000000007ffe0385 points into unknown readable memory: 00 00 00
R13=0x0000000000000001 is an unknown value
R14=0x000000c99cefec38 points into unknown readable memory: 0x000000c99cefec20 | 20 ec ef 9c c9 00 00 00
R15=0x000001ed853629d0 points into unknown readable memory: 0xfca469b56590b1a8 | a8 b1 90 65 b5 69 a4 fc

Top of Stack: (sp=0x000000c99cefeb30)
0x000000c99cefeb30:   0000000000000000 000001ed00000000   ................
0x000000c99cefeb40:   000001ed859ccc60 000000007ffe0385   `...............
0x000000c99cefeb50:   000001ed853629d8 00007ff989febc75   .)6.....u.......
0x000000c99cefeb60:   000001ed853629d0 000001ed00000000   .)6.............
0x000000c99cefeb70:   000001ed853629f0 00007caa8990b197   .)6..........|..
0x000000c99cefeb80:   fffffffffffffffe 00007ff95bb00000   ...........[....
0x000000c99cefeb90:   00007ff948280000 00007ff948280000   ..(H......(H....
0x000000c99cefeba0:   000000c99cefec28 00007ff989feb897   (...............
0x000000c99cefebb0:   000000c99cefec00 000000c99cefec38   ........8.......
0x000000c99cefebc0:   000000c99ceff180 00007ff98a0d88c0   ................
0x000000c99cefebd0:   0000000000000001 00007ff989feb84d   ........M.......
0x000000c99cefebe0:   0000000000000000 0000000000000001   ................
0x000000c99cefebf0:   00007ff985f8ed80 000000c99cefec28   ........(.......
0x000000c99cefec00:   fffffffffffffffe 000000c99cefebf0   ................
0x000000c99cefec10:   0000000000000000 00007ff9482a434d   ........MC*H....
0x000000c99cefec20:   00007ff9482ba020 0000000000000002    .+H............
0x000000c99cefec30:   00007ff900000002 000000c99cefec20   ........ .......
0x000000c99cefec40:   0000000000000000 000001ed20760000   ..........v ....
0x000000c99cefec50:   0000000000000000 00007ff9482a4472   ........rD*H....
0x000000c99cefec60:   0000000000000001 000000007ffe0384   ................
0x000000c99cefec70:   0000000000000001 0000db06e3e1f61c   ................
0x000000c99cefec80:   000000c99ceff180 00007ff9894a11fe   ..........J.....
0x000000c99cefec90:   000001ed00000001 00000354000003d4   ............T...
0x000000c99cefeca0:   0000000000000000 00007ff9482a44c0   .........D*H....
0x000000c99cefecb0:   0000000000000001 00007ff98d63f98a   ..........c.....
0x000000c99cefecc0:   00007ff948280000 0000000000000000   ..(H............
0x000000c99cefecd0:   0000000000000001 000000007ffe0384   ................
0x000000c99cefece0:   0000000000000000 00007ff98d4f2d23   ........#-O.....
0x000000c99cefecf0:   0000000000000000 000001ed207604a8   ..........v ....
0x000000c99cefed00:   000000000000008d 0000000000000000   ................
0x000000c99cefed10:   0000000000000000 0000000000000000   ................
0x000000c99cefed20:   0000000000000000 fffffce800000000   ................

Instructions: (pc=0x00007ff9482a6b77)
0x00007ff9482a6a77:   8b 4d 58 e8 8d cf ff ff 48 8b 4d 60 e8 84 cf ff
0x00007ff9482a6a87:   ff 48 8b 95 80 00 00 00 48 8b 8d 18 01 00 00 e8
0x00007ff9482a6a97:   e6 c3 ff ff 33 d2 33 c9 e8 cc e1 ff ff 90 48 89
0x00007ff9482a6aa7:   54 24 10 55 48 83 ec 20 48 8b ea 48 b8 00 00 00
0x00007ff9482a6ab7:   00 00 00 00 00 48 83 c4 20 5d c3 cc 40 55 48 8b
0x00007ff9482a6ac7:   ea 48 8b 01 33 c9 81 38 05 00 00 c0 0f 94 c1 8b
0x00007ff9482a6ad7:   c1 5d c3 cc 40 55 48 83 ec 20 48 8b ea 8a 4d 40
0x00007ff9482a6ae7:   48 83 c4 20 5d e9 73 d3 ff ff cc 40 55 48 83 ec
0x00007ff9482a6af7:   20 48 8b ea 8a 4d 20 e8 61 d3 ff ff 90 48 83 c4
0x00007ff9482a6b07:   20 5d c3 cc 40 55 48 83 ec 20 48 8b ea 48 83 c4
0x00007ff9482a6b17:   20 5d e9 c2 d1 ff ff cc 40 55 48 83 ec 30 48 8b
0x00007ff9482a6b27:   ea 48 8b 01 8b 10 48 89 4c 24 28 89 54 24 20 4c
0x00007ff9482a6b37:   8d 0d 63 d6 ff ff 4c 8b 45 70 8b 55 68 48 8b 4d
0x00007ff9482a6b47:   60 e8 03 d1 ff ff 90 48 83 c4 30 5d c3 cc cc cc
0x00007ff9482a6b57:   cc cc cc cc cc cc cc cc cc 40 53 48 83 ec 20 48
0x00007ff9482a6b67:   8b 1d ab 2e 01 00 48 85 db 74 16 e8 f9 8e ff ff
0x00007ff9482a6b77:   4c 8b 00 48 8b d3 48 8b c8 41 ff 90 b0 00 00 00
0x00007ff9482a6b87:   90 48 83 c4 20 5b c3 cc cc 40 53 48 83 ec 20 48
0x00007ff9482a6b97:   8b 1d 1b 30 01 00 48 85 db 74 57 b8 ff ff ff ff
0x00007ff9482a6ba7:   f0 0f c1 43 10 83 f8 01 75 3d 48 85 db 74 38 48
0x00007ff9482a6bb7:   8b 0b 48 85 c9 74 0d ff 15 e4 06 00 00 48 c7 03
0x00007ff9482a6bc7:   00 00 00 00 48 8b 4b 08 48 85 c9 74 0d e8 33 ce
0x00007ff9482a6bd7:   ff ff 48 c7 43 08 00 00 00 00 ba 18 00 00 00 48
0x00007ff9482a6be7:   8b cb e8 1e ce ff ff 48 c7 05 bf 2f 01 00 00 00
0x00007ff9482a6bf7:   00 00 48 83 c4 20 5b c3 cc 40 53 48 83 ec 20 48
0x00007ff9482a6c07:   8b 1d 8b 2f 01 00 48 85 db 74 57 b8 ff ff ff ff
0x00007ff9482a6c17:   f0 0f c1 43 10 83 f8 01 75 3d 48 85 db 74 38 48
0x00007ff9482a6c27:   8b 0b 48 85 c9 74 0d ff 15 74 06 00 00 48 c7 03
0x00007ff9482a6c37:   00 00 00 00 48 8b 4b 08 48 85 c9 74 0d e8 c3 cd
0x00007ff9482a6c47:   ff ff 48 c7 43 08 00 00 00 00 ba 18 00 00 00 48
0x00007ff9482a6c57:   8b cb e8 ae cd ff ff 48 c7 05 2f 2f 01 00 00 00
0x00007ff9482a6c67:   00 00 48 83 c4 20 5b c3 cc 40 53 48 83 ec 20 48


Stack slot to memory mapping:

stack at sp + 0 slots: 0x0 is null
stack at sp + 1 slots: 0x000001ed00000000 is an unknown value
stack at sp + 2 slots: 0x000001ed859ccc60 points into unknown readable memory: 0x000001ed859cd0e0 | e0 d0 9c 85 ed 01 00 00
stack at sp + 3 slots: 0x000000007ffe0385 points into unknown readable memory: 00 00 00
stack at sp + 4 slots: 0x000001ed853629d8 points into unknown readable memory: 0x00007caa8990b197 | 97 b1 90 89 aa 7c 00 00
stack at sp + 5 slots: 0x00007ff989febc75 ucrtbase.dll
stack at sp + 6 slots: 0x000001ed853629d0 points into unknown readable memory: 0xfca469b56590b1a8 | a8 b1 90 65 b5 69 a4 fc
stack at sp + 7 slots: 0x000001ed00000000 is an unknown value

VM_Operation (0x000000c99c4fee90): Exit, mode: safepoint, requested by thread 0x000001ed85c01b70


---------------  P R O C E S S  ---------------

Threads class SMR info:
_java_thread_list=0x000001ed857a4930, length=19, elements={
0x000001ed207b20c0, 0x000001ed3f3f0fa0, 0x000001ed3f3f2720, 0x000001ed3f3fd3b0,
0x000001ed3f3ff850, 0x000001ed3f400fd0, 0x000001ed3f4125f0, 0x000001ed3f4154a0,
0x000001ed3f51b7f0, 0x000001ed857f76c0, 0x000001ed3f7b4ab0, 0x000001ed8586e030,
0x000001ed85c220e0, 0x000001ed8591c400, 0x000001ed868c31c0, 0x000001ed868c3830,
0x000001ed8643b9a0, 0x000001ed85c02200, 0x000001ed85c01b70
}

Java Threads: ( => current thread )
  0x000001ed207b20c0 JavaThread "main"                              [_thread_blocked, id=26104, stack(0x000000c99c700000,0x000000c99c800000) (1024K)]
  0x000001ed3f3f0fa0 JavaThread "Reference Handler"          daemon [_thread_blocked, id=40576, stack(0x000000c99cf00000,0x000000c99d000000) (1024K)]
  0x000001ed3f3f2720 JavaThread "Finalizer"                  daemon [_thread_blocked, id=14416, stack(0x000000c99d000000,0x000000c99d100000) (1024K)]
  0x000001ed3f3fd3b0 JavaThread "Attach Listener"            daemon [_thread_blocked, id=11512, stack(0x000000c99d200000,0x000000c99d300000) (1024K)]
  0x000001ed3f3ff850 JavaThread "Service Thread"             daemon [_thread_blocked, id=28872, stack(0x000000c99d300000,0x000000c99d400000) (1024K)]
  0x000001ed3f400fd0 JavaThread "Monitor Deflation Thread"   daemon [_thread_blocked, id=35192, stack(0x000000c99d400000,0x000000c99d500000) (1024K)]
  0x000001ed3f4125f0 JavaThread "C2 CompilerThread0"         daemon [_thread_blocked, id=32872, stack(0x000000c99d500000,0x000000c99d600000) (1024K)]
  0x000001ed3f4154a0 JavaThread "C1 CompilerThread0"         daemon [_thread_blocked, id=33112, stack(0x000000c99d600000,0x000000c99d700000) (1024K)]
  0x000001ed3f51b7f0 JavaThread "Common-Cleaner"             daemon [_thread_blocked, id=18492, stack(0x000000c99d700000,0x000000c99d800000) (1024K)]
  0x000001ed857f76c0 JavaThread "Monitor Ctrl-Break"         daemon [_thread_in_native, id=24488, stack(0x000000c99da00000,0x000000c99db00000) (1024K)]
  0x000001ed3f7b4ab0 JavaThread "Notification Thread"        daemon [_thread_blocked, id=21108, stack(0x000000c99db00000,0x000000c99dc00000) (1024K)]
  0x000001ed8586e030 JavaThread "QuantumRenderer-0"          daemon [_thread_blocked, id=32432, stack(0x000000c99dc00000,0x000000c99dd00000) (1024K)]
  0x000001ed85c220e0 JavaThread "InvokeLaterDispatcher"      daemon [_thread_blocked, id=34128, stack(0x000000c99dd00000,0x000000c99de00000) (1024K)]
  0x000001ed8591c400 JavaThread "JavaFX Application Thread"         [_thread_in_native, id=40292, stack(0x000000c99de00000,0x000000c99df00000) (1024K)]
  0x000001ed868c31c0 JavaThread "Thread-2"                   daemon [_thread_in_native, id=9928, stack(0x000000c99d900000,0x000000c99da00000) (1024K)]
  0x000001ed868c3830 JavaThread "JavaFX-Launcher"                   [_thread_blocked, id=6820, stack(0x000000c99e600000,0x000000c99e700000) (1024K)]
  0x000001ed8643b9a0 JavaThread "Prism Font Disposer"        daemon [_thread_blocked, id=26792, stack(0x000000c99f000000,0x000000c99f100000) (1024K)]
  0x000001ed85c02200 JavaThread "Cleaner-0"                  daemon [_thread_blocked, id=17864, stack(0x000000c99ec00000,0x000000c99ed00000) (1024K)]
  0x000001ed85c01b70 JavaThread "SIGINT handler"             daemon [_thread_blocked, id=4572, stack(0x000000c99c400000,0x000000c99c500000) (1024K)]
Total: 19

Other Threads:
=>0x000001ed3f3df450 VMThread "VM Thread"                           [id=16216, stack(0x000000c99ce00000,0x000000c99cf00000) (1024K)]
  0x000001ed22b45470 WorkerThread "GC Thread#0"                     [id=37844, stack(0x000000c99c800000,0x000000c99c900000) (1024K)]
  0x000001ed8638f3c0 WorkerThread "GC Thread#1"                     [id=32152, stack(0x000000c99e700000,0x000000c99e800000) (1024K)]
  0x000001ed8638f770 WorkerThread "GC Thread#2"                     [id=27684, stack(0x000000c99e800000,0x000000c99e900000) (1024K)]
  0x000001ed8638fb20 WorkerThread "GC Thread#3"                     [id=40144, stack(0x000000c99e900000,0x000000c99ea00000) (1024K)]
  0x000001ed85856040 WorkerThread "GC Thread#4"                     [id=2740, stack(0x000000c99ea00000,0x000000c99eb00000) (1024K)]
  0x000001ed85856c00 WorkerThread "GC Thread#5"                     [id=38576, stack(0x000000c99eb00000,0x000000c99ec00000) (1024K)]
  0x000001ed8590b9a0 WorkerThread "GC Thread#6"                     [id=23608, stack(0x000000c99f100000,0x000000c99f200000) (1024K)]
  0x000001ed8590bd50 WorkerThread "GC Thread#7"                     [id=28368, stack(0x000000c99f200000,0x000000c99f300000) (1024K)]
  0x000001ed22b54d60 ConcurrentGCThread "G1 Main Marker"            terminated
  0x000001ed22b57110 WorkerThread "G1 Conc#0"                       [id=27652, stack(0x000000c99ca00000,0x000000c99cb00000) (1024K)]
  0x000001ed3f2a0250 ConcurrentGCThread "G1 Refine#0"               terminated
  0x000001ed3f2a0a80 ConcurrentGCThread "G1 Service"                terminated
Total: 13

Threads with active compile tasks:
Total: 0

VM state: at safepoint (shutting down)

VM Mutex/Monitor currently owned by a thread:  ([mutex/lock_event])
[0x00007ff8f2a1b8b0] Threads_lock - owner thread: 0x000001ed3f3df450
[0x00007ff8f2a1b9b0] Heap_lock - owner thread: 0x000001ed85c01b70

Heap address: 0x000000008b800000, size: 1864 MB, Compressed Oops mode: 32-bit

CDS archive(s) mapped at: [0x000001ed40000000-0x000001ed40c80000-0x000001ed40c80000), size 13107200, SharedBaseAddress: 0x000001ed40000000, ArchiveRelocationMode: 1.
Compressed class space mapped at: 0x000001ed41000000-0x000001ed81000000, reserved size: 1073741824
Narrow klass base: 0x000001ed40000000, Narrow klass shift: 0, Narrow klass range: 0x100000000

GC Precious Log:
 CardTable entry size: 512
 Card Set container configuration: InlinePtr #cards 5 size 8 Array Of Cards #cards 12 size 40 Howl #buckets 4 coarsen threshold 1843 Howl Bitmap #cards 512 size 80 coarsen threshold 460 Card regions per heap region 1 cards per card region 2048
 CPUs: 8 total, 8 available
 Memory: 7455M
 Large Page Support: Disabled
 NUMA Support: Disabled
 Compressed Oops: Enabled (32-bit)
 Heap Region Size: 1M
 Heap Min Capacity: 8M
 Heap Initial Capacity: 118M
 Heap Max Capacity: 1864M
 Pre-touch: Disabled
 Parallel Workers: 8
 Concurrent Workers: 2
 Concurrent Refinement Workers: 8
 Periodic GC: Disabled

Heap:
 garbage-first heap   total 120832K, used 43586K [0x000000008b800000, 0x0000000100000000)
  region size 1024K, 36 young (36864K), 5 survivors (5120K)
 Metaspace       used 16928K, committed 17280K, reserved 1114112K
  class space    used 2515K, committed 2688K, reserved 1048576K

Heap Regions: E=young(eden), S=young(survivor), O=old, HS=humongous(starts), HC=humongous(continues), CS=collection set, F=free, TAMS=top-at-mark-start, PB=parsable bottom
|   0|0x000000008b800000, 0x000000008b900000, 0x000000008b900000|100%| O|  |TAMS 0x000000008b800000| PB 0x000000008b800000| Untracked 
|   1|0x000000008b900000, 0x000000008ba00000, 0x000000008ba00000|100%| O|  |TAMS 0x000000008b900000| PB 0x000000008b900000| Untracked 
|   2|0x000000008ba00000, 0x000000008bb00000, 0x000000008bb00000|100%| O|  |TAMS 0x000000008ba00000| PB 0x000000008ba00000| Untracked 
|   3|0x000000008bb00000, 0x000000008bb09790, 0x000000008bc00000|  3%| O|  |TAMS 0x000000008bb00000| PB 0x000000008bb00000| Untracked 
|   4|0x000000008bc00000, 0x000000008bd00000, 0x000000008bd00000|100%|HS|  |TAMS 0x000000008bc00000| PB 0x000000008bc00000| Complete 
|   5|0x000000008bd00000, 0x000000008be00000, 0x000000008be00000|100%|HC|  |TAMS 0x000000008bd00000| PB 0x000000008bd00000| Complete 
|   6|0x000000008be00000, 0x000000008bf00000, 0x000000008bf00000|100%|HS|  |TAMS 0x000000008be00000| PB 0x000000008be00000| Complete 
|   7|0x000000008bf00000, 0x000000008c000000, 0x000000008c000000|100%|HC|  |TAMS 0x000000008bf00000| PB 0x000000008bf00000| Complete 
|   8|0x000000008c000000, 0x000000008c100000, 0x000000008c100000|100%|HS|  |TAMS 0x000000008c000000| PB 0x000000008c000000| Complete 
|   9|0x000000008c100000, 0x000000008c200000, 0x000000008c200000|100%|HC|  |TAMS 0x000000008c100000| PB 0x000000008c100000| Complete 
|  10|0x000000008c200000, 0x000000008c200000, 0x000000008c300000|  0%| F|  |TAMS 0x000000008c200000| PB 0x000000008c200000| Untracked 
|  11|0x000000008c300000, 0x000000008c300000, 0x000000008c400000|  0%| F|  |TAMS 0x000000008c300000| PB 0x000000008c300000| Untracked 
|  12|0x000000008c400000, 0x000000008c400000, 0x000000008c500000|  0%| F|  |TAMS 0x000000008c400000| PB 0x000000008c400000| Untracked 
|  13|0x000000008c500000, 0x000000008c500000, 0x000000008c600000|  0%| F|  |TAMS 0x000000008c500000| PB 0x000000008c500000| Untracked 
|  14|0x000000008c600000, 0x000000008c600000, 0x000000008c700000|  0%| F|  |TAMS 0x000000008c600000| PB 0x000000008c600000| Untracked 
|  15|0x000000008c700000, 0x000000008c700000, 0x000000008c800000|  0%| F|  |TAMS 0x000000008c700000| PB 0x000000008c700000| Untracked 
|  16|0x000000008c800000, 0x000000008c800000, 0x000000008c900000|  0%| F|  |TAMS 0x000000008c800000| PB 0x000000008c800000| Untracked 
|  17|0x000000008c900000, 0x000000008c900000, 0x000000008ca00000|  0%| F|  |TAMS 0x000000008c900000| PB 0x000000008c900000| Untracked 
|  18|0x000000008ca00000, 0x000000008ca00000, 0x000000008cb00000|  0%| F|  |TAMS 0x000000008ca00000| PB 0x000000008ca00000| Untracked 
|  19|0x000000008cb00000, 0x000000008cb00000, 0x000000008cc00000|  0%| F|  |TAMS 0x000000008cb00000| PB 0x000000008cb00000| Untracked 
|  20|0x000000008cc00000, 0x000000008cc00000, 0x000000008cd00000|  0%| F|  |TAMS 0x000000008cc00000| PB 0x000000008cc00000| Untracked 
|  21|0x000000008cd00000, 0x000000008cd00000, 0x000000008ce00000|  0%| F|  |TAMS 0x000000008cd00000| PB 0x000000008cd00000| Untracked 
|  22|0x000000008ce00000, 0x000000008ce00000, 0x000000008cf00000|  0%| F|  |TAMS 0x000000008ce00000| PB 0x000000008ce00000| Untracked 
|  23|0x000000008cf00000, 0x000000008cf00000, 0x000000008d000000|  0%| F|  |TAMS 0x000000008cf00000| PB 0x000000008cf00000| Untracked 
|  24|0x000000008d000000, 0x000000008d000000, 0x000000008d100000|  0%| F|  |TAMS 0x000000008d000000| PB 0x000000008d000000| Untracked 
|  25|0x000000008d100000, 0x000000008d100000, 0x000000008d200000|  0%| F|  |TAMS 0x000000008d100000| PB 0x000000008d100000| Untracked 
|  26|0x000000008d200000, 0x000000008d200000, 0x000000008d300000|  0%| F|  |TAMS 0x000000008d200000| PB 0x000000008d200000| Untracked 
|  27|0x000000008d300000, 0x000000008d300000, 0x000000008d400000|  0%| F|  |TAMS 0x000000008d300000| PB 0x000000008d300000| Untracked 
|  28|0x000000008d400000, 0x000000008d400000, 0x000000008d500000|  0%| F|  |TAMS 0x000000008d400000| PB 0x000000008d400000| Untracked 
|  29|0x000000008d500000, 0x000000008d500000, 0x000000008d600000|  0%| F|  |TAMS 0x000000008d500000| PB 0x000000008d500000| Untracked 
|  30|0x000000008d600000, 0x000000008d600000, 0x000000008d700000|  0%| F|  |TAMS 0x000000008d600000| PB 0x000000008d600000| Untracked 
|  31|0x000000008d700000, 0x000000008d700000, 0x000000008d800000|  0%| F|  |TAMS 0x000000008d700000| PB 0x000000008d700000| Untracked 
|  32|0x000000008d800000, 0x000000008d800000, 0x000000008d900000|  0%| F|  |TAMS 0x000000008d800000| PB 0x000000008d800000| Untracked 
|  33|0x000000008d900000, 0x000000008d900000, 0x000000008da00000|  0%| F|  |TAMS 0x000000008d900000| PB 0x000000008d900000| Untracked 
|  34|0x000000008da00000, 0x000000008da00000, 0x000000008db00000|  0%| F|  |TAMS 0x000000008da00000| PB 0x000000008da00000| Untracked 
|  35|0x000000008db00000, 0x000000008db00000, 0x000000008dc00000|  0%| F|  |TAMS 0x000000008db00000| PB 0x000000008db00000| Untracked 
|  36|0x000000008dc00000, 0x000000008dc00000, 0x000000008dd00000|  0%| F|  |TAMS 0x000000008dc00000| PB 0x000000008dc00000| Untracked 
|  37|0x000000008dd00000, 0x000000008dd00000, 0x000000008de00000|  0%| F|  |TAMS 0x000000008dd00000| PB 0x000000008dd00000| Untracked 
|  38|0x000000008de00000, 0x000000008de00000, 0x000000008df00000|  0%| F|  |TAMS 0x000000008de00000| PB 0x000000008de00000| Untracked 
|  39|0x000000008df00000, 0x000000008df00000, 0x000000008e000000|  0%| F|  |TAMS 0x000000008df00000| PB 0x000000008df00000| Untracked 
|  40|0x000000008e000000, 0x000000008e000000, 0x000000008e100000|  0%| F|  |TAMS 0x000000008e000000| PB 0x000000008e000000| Untracked 
|  41|0x000000008e100000, 0x000000008e100000, 0x000000008e200000|  0%| F|  |TAMS 0x000000008e100000| PB 0x000000008e100000| Untracked 
|  42|0x000000008e200000, 0x000000008e200000, 0x000000008e300000|  0%| F|  |TAMS 0x000000008e200000| PB 0x000000008e200000| Untracked 
|  43|0x000000008e300000, 0x000000008e300000, 0x000000008e400000|  0%| F|  |TAMS 0x000000008e300000| PB 0x000000008e300000| Untracked 
|  44|0x000000008e400000, 0x000000008e400000, 0x000000008e500000|  0%| F|  |TAMS 0x000000008e400000| PB 0x000000008e400000| Untracked 
|  45|0x000000008e500000, 0x000000008e500000, 0x000000008e600000|  0%| F|  |TAMS 0x000000008e500000| PB 0x000000008e500000| Untracked 
|  46|0x000000008e600000, 0x000000008e600000, 0x000000008e700000|  0%| F|  |TAMS 0x000000008e600000| PB 0x000000008e600000| Untracked 
|  47|0x000000008e700000, 0x000000008e700000, 0x000000008e800000|  0%| F|  |TAMS 0x000000008e700000| PB 0x000000008e700000| Untracked 
|  48|0x000000008e800000, 0x000000008e800000, 0x000000008e900000|  0%| F|  |TAMS 0x000000008e800000| PB 0x000000008e800000| Untracked 
|  49|0x000000008e900000, 0x000000008e900000, 0x000000008ea00000|  0%| F|  |TAMS 0x000000008e900000| PB 0x000000008e900000| Untracked 
|  50|0x000000008ea00000, 0x000000008ea00000, 0x000000008eb00000|  0%| F|  |TAMS 0x000000008ea00000| PB 0x000000008ea00000| Untracked 
|  51|0x000000008eb00000, 0x000000008eb00000, 0x000000008ec00000|  0%| F|  |TAMS 0x000000008eb00000| PB 0x000000008eb00000| Untracked 
|  52|0x000000008ec00000, 0x000000008ec00000, 0x000000008ed00000|  0%| F|  |TAMS 0x000000008ec00000| PB 0x000000008ec00000| Untracked 
|  53|0x000000008ed00000, 0x000000008ed00000, 0x000000008ee00000|  0%| F|  |TAMS 0x000000008ed00000| PB 0x000000008ed00000| Untracked 
|  54|0x000000008ee00000, 0x000000008ee00000, 0x000000008ef00000|  0%| F|  |TAMS 0x000000008ee00000| PB 0x000000008ee00000| Untracked 
|  55|0x000000008ef00000, 0x000000008ef00000, 0x000000008f000000|  0%| F|  |TAMS 0x000000008ef00000| PB 0x000000008ef00000| Untracked 
|  56|0x000000008f000000, 0x000000008f000000, 0x000000008f100000|  0%| F|  |TAMS 0x000000008f000000| PB 0x000000008f000000| Untracked 
|  57|0x000000008f100000, 0x000000008f100000, 0x000000008f200000|  0%| F|  |TAMS 0x000000008f100000| PB 0x000000008f100000| Untracked 
|  58|0x000000008f200000, 0x000000008f200000, 0x000000008f300000|  0%| F|  |TAMS 0x000000008f200000| PB 0x000000008f200000| Untracked 
|  59|0x000000008f300000, 0x000000008f300000, 0x000000008f400000|  0%| F|  |TAMS 0x000000008f300000| PB 0x000000008f300000| Untracked 
|  60|0x000000008f400000, 0x000000008f400000, 0x000000008f500000|  0%| F|  |TAMS 0x000000008f400000| PB 0x000000008f400000| Untracked 
|  61|0x000000008f500000, 0x000000008f500000, 0x000000008f600000|  0%| F|  |TAMS 0x000000008f500000| PB 0x000000008f500000| Untracked 
|  62|0x000000008f600000, 0x000000008f600000, 0x000000008f700000|  0%| F|  |TAMS 0x000000008f600000| PB 0x000000008f600000| Untracked 
|  63|0x000000008f700000, 0x000000008f700000, 0x000000008f800000|  0%| F|  |TAMS 0x000000008f700000| PB 0x000000008f700000| Untracked 
|  64|0x000000008f800000, 0x000000008f800000, 0x000000008f900000|  0%| F|  |TAMS 0x000000008f800000| PB 0x000000008f800000| Untracked 
|  65|0x000000008f900000, 0x000000008f900000, 0x000000008fa00000|  0%| F|  |TAMS 0x000000008f900000| PB 0x000000008f900000| Untracked 
|  66|0x000000008fa00000, 0x000000008fa00000, 0x000000008fb00000|  0%| F|  |TAMS 0x000000008fa00000| PB 0x000000008fa00000| Untracked 
|  67|0x000000008fb00000, 0x000000008fb00000, 0x000000008fc00000|  0%| F|  |TAMS 0x000000008fb00000| PB 0x000000008fb00000| Untracked 
|  68|0x000000008fc00000, 0x000000008fc00000, 0x000000008fd00000|  0%| F|  |TAMS 0x000000008fc00000| PB 0x000000008fc00000| Untracked 
|  69|0x000000008fd00000, 0x000000008fd00000, 0x000000008fe00000|  0%| F|  |TAMS 0x000000008fd00000| PB 0x000000008fd00000| Untracked 
|  70|0x000000008fe00000, 0x000000008fe00000, 0x000000008ff00000|  0%| F|  |TAMS 0x000000008fe00000| PB 0x000000008fe00000| Untracked 
|  71|0x000000008ff00000, 0x000000008ff00000, 0x0000000090000000|  0%| F|  |TAMS 0x000000008ff00000| PB 0x000000008ff00000| Untracked 
|  72|0x0000000090000000, 0x0000000090000000, 0x0000000090100000|  0%| F|  |TAMS 0x0000000090000000| PB 0x0000000090000000| Untracked 
|  73|0x0000000090100000, 0x0000000090100000, 0x0000000090200000|  0%| F|  |TAMS 0x0000000090100000| PB 0x0000000090100000| Untracked 
|  74|0x0000000090200000, 0x0000000090200000, 0x0000000090300000|  0%| F|  |TAMS 0x0000000090200000| PB 0x0000000090200000| Untracked 
|  75|0x0000000090300000, 0x0000000090300000, 0x0000000090400000|  0%| F|  |TAMS 0x0000000090300000| PB 0x0000000090300000| Untracked 
|  76|0x0000000090400000, 0x00000000904873a8, 0x0000000090500000| 52%| S|CS|TAMS 0x0000000090400000| PB 0x0000000090400000| Complete 
|  77|0x0000000090500000, 0x0000000090600000, 0x0000000090600000|100%| S|CS|TAMS 0x0000000090500000| PB 0x0000000090500000| Complete 
|  78|0x0000000090600000, 0x0000000090700000, 0x0000000090700000|100%| S|CS|TAMS 0x0000000090600000| PB 0x0000000090600000| Complete 
|  79|0x0000000090700000, 0x0000000090800000, 0x0000000090800000|100%| S|CS|TAMS 0x0000000090700000| PB 0x0000000090700000| Complete 
|  80|0x0000000090800000, 0x0000000090900000, 0x0000000090900000|100%| S|CS|TAMS 0x0000000090800000| PB 0x0000000090800000| Complete 
|  81|0x0000000090900000, 0x0000000090900000, 0x0000000090a00000|  0%| F|  |TAMS 0x0000000090900000| PB 0x0000000090900000| Untracked 
|  82|0x0000000090a00000, 0x0000000090a00000, 0x0000000090b00000|  0%| F|  |TAMS 0x0000000090a00000| PB 0x0000000090a00000| Untracked 
|  83|0x0000000090b00000, 0x0000000090b00000, 0x0000000090c00000|  0%| F|  |TAMS 0x0000000090b00000| PB 0x0000000090b00000| Untracked 
|  84|0x0000000090c00000, 0x0000000090c00000, 0x0000000090d00000|  0%| F|  |TAMS 0x0000000090c00000| PB 0x0000000090c00000| Untracked 
|  85|0x0000000090d00000, 0x0000000090d00000, 0x0000000090e00000|  0%| F|  |TAMS 0x0000000090d00000| PB 0x0000000090d00000| Untracked 
|  86|0x0000000090e00000, 0x0000000090e00000, 0x0000000090f00000|  0%| F|  |TAMS 0x0000000090e00000| PB 0x0000000090e00000| Untracked 
|  87|0x0000000090f00000, 0x0000000090f8ea60, 0x0000000091000000| 55%| E|  |TAMS 0x0000000090f00000| PB 0x0000000090f00000| Complete 
|  88|0x0000000091000000, 0x0000000091100000, 0x0000000091100000|100%| E|CS|TAMS 0x0000000091000000| PB 0x0000000091000000| Complete 
|  89|0x0000000091100000, 0x0000000091200000, 0x0000000091200000|100%| E|CS|TAMS 0x0000000091100000| PB 0x0000000091100000| Complete 
|  90|0x0000000091200000, 0x0000000091300000, 0x0000000091300000|100%| E|CS|TAMS 0x0000000091200000| PB 0x0000000091200000| Complete 
|  91|0x0000000091300000, 0x0000000091400000, 0x0000000091400000|100%| E|CS|TAMS 0x0000000091300000| PB 0x0000000091300000| Complete 
|  92|0x0000000091400000, 0x0000000091500000, 0x0000000091500000|100%| E|CS|TAMS 0x0000000091400000| PB 0x0000000091400000| Complete 
|  93|0x0000000091500000, 0x0000000091600000, 0x0000000091600000|100%| E|CS|TAMS 0x0000000091500000| PB 0x0000000091500000| Complete 
|  94|0x0000000091600000, 0x0000000091700000, 0x0000000091700000|100%| E|CS|TAMS 0x0000000091600000| PB 0x0000000091600000| Complete 
|  95|0x0000000091700000, 0x0000000091800000, 0x0000000091800000|100%| E|CS|TAMS 0x0000000091700000| PB 0x0000000091700000| Complete 
|  96|0x0000000091800000, 0x0000000091900000, 0x0000000091900000|100%| E|CS|TAMS 0x0000000091800000| PB 0x0000000091800000| Complete 
|  97|0x0000000091900000, 0x0000000091a00000, 0x0000000091a00000|100%| E|CS|TAMS 0x0000000091900000| PB 0x0000000091900000| Complete 
|  98|0x0000000091a00000, 0x0000000091b00000, 0x0000000091b00000|100%| E|CS|TAMS 0x0000000091a00000| PB 0x0000000091a00000| Complete 
|  99|0x0000000091b00000, 0x0000000091c00000, 0x0000000091c00000|100%| E|CS|TAMS 0x0000000091b00000| PB 0x0000000091b00000| Complete 
| 100|0x0000000091c00000, 0x0000000091d00000, 0x0000000091d00000|100%| E|CS|TAMS 0x0000000091c00000| PB 0x0000000091c00000| Complete 
| 101|0x0000000091d00000, 0x0000000091e00000, 0x0000000091e00000|100%| E|CS|TAMS 0x0000000091d00000| PB 0x0000000091d00000| Complete 
| 102|0x0000000091e00000, 0x0000000091f00000, 0x0000000091f00000|100%| E|CS|TAMS 0x0000000091e00000| PB 0x0000000091e00000| Complete 
| 103|0x0000000091f00000, 0x0000000092000000, 0x0000000092000000|100%| E|CS|TAMS 0x0000000091f00000| PB 0x0000000091f00000| Complete 
| 104|0x0000000092000000, 0x0000000092100000, 0x0000000092100000|100%| E|  |TAMS 0x0000000092000000| PB 0x0000000092000000| Complete 
| 105|0x0000000092100000, 0x0000000092200000, 0x0000000092200000|100%| E|CS|TAMS 0x0000000092100000| PB 0x0000000092100000| Complete 
| 106|0x0000000092200000, 0x0000000092300000, 0x0000000092300000|100%| E|CS|TAMS 0x0000000092200000| PB 0x0000000092200000| Complete 
| 107|0x0000000092300000, 0x0000000092400000, 0x0000000092400000|100%| E|CS|TAMS 0x0000000092300000| PB 0x0000000092300000| Complete 
| 108|0x0000000092400000, 0x0000000092500000, 0x0000000092500000|100%| E|CS|TAMS 0x0000000092400000| PB 0x0000000092400000| Complete 
| 109|0x0000000092500000, 0x0000000092600000, 0x0000000092600000|100%| E|CS|TAMS 0x0000000092500000| PB 0x0000000092500000| Complete 
| 110|0x0000000092600000, 0x0000000092700000, 0x0000000092700000|100%| E|CS|TAMS 0x0000000092600000| PB 0x0000000092600000| Complete 
| 111|0x0000000092700000, 0x0000000092800000, 0x0000000092800000|100%| E|CS|TAMS 0x0000000092700000| PB 0x0000000092700000| Complete 
| 112|0x0000000092800000, 0x0000000092900000, 0x0000000092900000|100%| E|CS|TAMS 0x0000000092800000| PB 0x0000000092800000| Complete 
| 113|0x0000000092900000, 0x0000000092a00000, 0x0000000092a00000|100%| E|CS|TAMS 0x0000000092900000| PB 0x0000000092900000| Complete 
| 114|0x0000000092a00000, 0x0000000092b00000, 0x0000000092b00000|100%| E|CS|TAMS 0x0000000092a00000| PB 0x0000000092a00000| Complete 
| 115|0x0000000092b00000, 0x0000000092c00000, 0x0000000092c00000|100%| E|CS|TAMS 0x0000000092b00000| PB 0x0000000092b00000| Complete 
| 116|0x0000000092c00000, 0x0000000092d00000, 0x0000000092d00000|100%| E|CS|TAMS 0x0000000092c00000| PB 0x0000000092c00000| Complete 
| 117|0x0000000092d00000, 0x0000000092e00000, 0x0000000092e00000|100%| E|CS|TAMS 0x0000000092d00000| PB 0x0000000092d00000| Complete 

Card table byte_map: [0x000001ed3a8e0000,0x000001ed3ac90000] _byte_map_base: 0x000001ed3a484000

Marking Bits: (CMBitMap*) 0x000001ed22b45b80
 Bits: [0x000001ed3ac90000, 0x000001ed3c9b0000)

Polling page: 0x000001ed20750000

Metaspace:

Usage:
  Non-class:     14.07 MB used.
      Class:      2.46 MB used.
       Both:     16.53 MB used.

Virtual space:
  Non-class space:       64.00 MB reserved,      14.25 MB ( 22%) committed,  1 nodes.
      Class space:        1.00 GB reserved,       2.62 MB ( <1%) committed,  1 nodes.
             Both:        1.06 GB reserved,      16.88 MB (  2%) committed. 

Chunk freelists:
   Non-Class:  1008.00 KB
       Class:  13.36 MB
        Both:  14.34 MB

MaxMetaspaceSize: unlimited
CompressedClassSpaceSize: 1.00 GB
Initial GC threshold: 21.00 MB
Current GC threshold: 21.00 MB
CDS: on
 - commit_granule_bytes: 65536.
 - commit_granule_words: 8192.
 - virtual_space_node_default_size: 8388608.
 - enlarge_chunks_in_place: 1.
 - use_allocation_guard: 0.


Internal statistics:

num_allocs_failed_limit: 0.
num_arena_births: 248.
num_arena_deaths: 0.
num_vsnodes_births: 2.
num_vsnodes_deaths: 0.
num_space_committed: 270.
num_space_uncommitted: 0.
num_chunks_returned_to_freelist: 0.
num_chunks_taken_from_freelist: 833.
num_chunk_merges: 0.
num_chunk_splits: 589.
num_chunks_enlarged: 461.
num_inconsistent_stats: 0.

CodeHeap 'non-profiled nmethods': size=120000Kb used=2009Kb max_used=2009Kb free=117990Kb
 bounds [0x000001ed32cd0000, 0x000001ed32f40000, 0x000001ed3a200000]
CodeHeap 'profiled nmethods': size=120000Kb used=8256Kb max_used=8256Kb free=111743Kb
 bounds [0x000001ed2b200000, 0x000001ed2ba20000, 0x000001ed32730000]
CodeHeap 'non-nmethods': size=5760Kb used=1682Kb max_used=1712Kb free=4077Kb
 bounds [0x000001ed32730000, 0x000001ed329a0000, 0x000001ed32cd0000]
CodeCache: size=245760Kb, used=11947Kb, max_used=11977Kb, free=233810Kb
 total_blobs=5032, nmethods=4213, adapters=723, full_count=0
Compilation: enabled, stopped_count=0, restarted_count=0

Compilation events (20 events):
Event: 54.241 Thread 0x000001ed3f4125f0 nmethod 4156 0x000001ed32eb9710 code [0x000001ed32eb9b00, 0x000001ed32ebc6e8]
Event: 54.242 Thread 0x000001ed3f4125f0 4209       4       com.sun.marlin.MaskMarlinAlphaConsumer::setAndClearRelativeAlphas (641 bytes)
Event: 54.245 Thread 0x000001ed3f4154a0 4210       3       com.sun.scenario.effect.impl.prism.ps.PPSRenderer::getCompatibleImage (29 bytes)
Event: 54.248 Thread 0x000001ed3f4154a0 nmethod 4210 0x000001ed2ba0e990 code [0x000001ed2ba0eb80, 0x000001ed2ba0f138]
Event: 54.248 Thread 0x000001ed3f4154a0 4211       3       com.sun.scenario.effect.impl.Renderer::releaseCompatibleImage (37 bytes)
Event: 54.250 Thread 0x000001ed3f4154a0 nmethod 4211 0x000001ed2ba0f310 code [0x000001ed2ba0f540, 0x000001ed2ba0ff78]
Event: 54.279 Thread 0x000001ed3f4125f0 nmethod 4209 0x000001ed32ebe310 code [0x000001ed32ebe4e0, 0x000001ed32ebf010]
Event: 54.280 Thread 0x000001ed3f4125f0 4183       4       javafx.scene.layout.Region::_getSnapScaleYimpl (22 bytes)
Event: 54.282 Thread 0x000001ed3f4125f0 nmethod 4183 0x000001ed32ebf810 code [0x000001ed32ebf9e0, 0x000001ed32ebfb98]
Event: 54.283 Thread 0x000001ed3f4125f0 4175       4       java.lang.Math::floor (5 bytes)
Event: 54.283 Thread 0x000001ed8584f010 nmethod 4159 0x000001ed32ebfd90 code [0x000001ed32ec01e0, 0x000001ed32ec2250]
Event: 54.284 Thread 0x000001ed3f4125f0 nmethod 4175 0x000001ed32ec3a10 code [0x000001ed32ec3bc0, 0x000001ed32ec3cb8]
Event: 54.285 Thread 0x000001ed3f4125f0 4157       4       java.util.zip.Inflater::ensureOpen (47 bytes)
Event: 54.286 Thread 0x000001ed3f4125f0 nmethod 4157 0x000001ed32ec3d10 code [0x000001ed32ec3ea0, 0x000001ed32ec3f70]
Event: 56.652 Thread 0x000001ed3f4125f0 4212       4       com.sun.javafx.event.BasicEventDispatcher::dispatchCapturingEvent (2 bytes)
Event: 56.652 Thread 0x000001ed3f4125f0 nmethod 4212 0x000001ed32ec4010 code [0x000001ed32ec41a0, 0x000001ed32ec4228]
Event: 82.517 Thread 0x000001ed3f4125f0 4213       4       com.sun.javafx.tk.quantum.QuantumToolkit::postPulse (133 bytes)
Event: 82.544 Thread 0x000001ed3f4125f0 nmethod 4213 0x000001ed32ec4310 code [0x000001ed32ec45c0, 0x000001ed32ec5920]
Event: 86.949 Thread 0x000001ed3f4125f0 4214       4       com.sun.javafx.tk.quantum.QuantumToolkit$$Lambda/0x000001ed4103cee8::run (8 bytes)
Event: 86.951 Thread 0x000001ed3f4125f0 nmethod 4214 0x000001ed32ec6290 code [0x000001ed32ec6440, 0x000001ed32ec6548]

GC Heap History (4 events):
Event: 1.013 GC heap before
{Heap before GC invocations=0 (full 0):
 garbage-first heap   total 120832K, used 22528K [0x000000008b800000, 0x0000000100000000)
  region size 1024K, 23 young (23552K), 0 survivors (0K)
 Metaspace       used 4907K, committed 5120K, reserved 1114112K
  class space    used 597K, committed 704K, reserved 1048576K
}
Event: 1.017 GC heap after
{Heap after GC invocations=1 (full 0):
 garbage-first heap   total 120832K, used 3332K [0x000000008b800000, 0x0000000100000000)
  region size 1024K, 3 young (3072K), 3 survivors (3072K)
 Metaspace       used 4907K, committed 5120K, reserved 1114112K
  class space    used 597K, committed 704K, reserved 1048576K
}
Event: 2.037 GC heap before
{Heap before GC invocations=1 (full 0):
 garbage-first heap   total 120832K, used 37124K [0x000000008b800000, 0x0000000100000000)
  region size 1024K, 37 young (37888K), 3 survivors (3072K)
 Metaspace       used 11917K, committed 12160K, reserved 1114112K
  class space    used 1705K, committed 1792K, reserved 1048576K
}
Event: 2.044 GC heap after
{Heap after GC invocations=2 (full 0):
 garbage-first heap   total 120832K, used 7746K [0x000000008b800000, 0x0000000100000000)
  region size 1024K, 5 young (5120K), 5 survivors (5120K)
 Metaspace       used 11917K, committed 12160K, reserved 1114112K
  class space    used 1705K, committed 1792K, reserved 1048576K
}

Dll operation events (20 events):
Event: 0.533 Loaded shared library D:\openjfx-21.0.11_windows-x64_bin-sdk\javafx-sdk-21.0.11\bin\api-ms-win-crt-locale-l1-1-0.dll
Event: 0.535 Loaded shared library D:\openjfx-21.0.11_windows-x64_bin-sdk\javafx-sdk-21.0.11\bin\api-ms-win-crt-math-l1-1-0.dll
Event: 0.538 Loaded shared library D:\openjfx-21.0.11_windows-x64_bin-sdk\javafx-sdk-21.0.11\bin\api-ms-win-crt-multibyte-l1-1-0.dll
Event: 0.540 Loaded shared library D:\openjfx-21.0.11_windows-x64_bin-sdk\javafx-sdk-21.0.11\bin\api-ms-win-crt-private-l1-1-0.dll
Event: 0.542 Loaded shared library D:\openjfx-21.0.11_windows-x64_bin-sdk\javafx-sdk-21.0.11\bin\api-ms-win-crt-process-l1-1-0.dll
Event: 0.545 Loaded shared library D:\openjfx-21.0.11_windows-x64_bin-sdk\javafx-sdk-21.0.11\bin\api-ms-win-crt-runtime-l1-1-0.dll
Event: 0.548 Loaded shared library D:\openjfx-21.0.11_windows-x64_bin-sdk\javafx-sdk-21.0.11\bin\api-ms-win-crt-stdio-l1-1-0.dll
Event: 0.551 Loaded shared library D:\openjfx-21.0.11_windows-x64_bin-sdk\javafx-sdk-21.0.11\bin\api-ms-win-crt-string-l1-1-0.dll
Event: 0.554 Loaded shared library D:\openjfx-21.0.11_windows-x64_bin-sdk\javafx-sdk-21.0.11\bin\api-ms-win-crt-time-l1-1-0.dll
Event: 0.557 Loaded shared library D:\openjfx-21.0.11_windows-x64_bin-sdk\javafx-sdk-21.0.11\bin\api-ms-win-crt-utility-l1-1-0.dll
Event: 0.559 Loaded shared library D:\openjfx-21.0.11_windows-x64_bin-sdk\javafx-sdk-21.0.11\bin\ucrtbase.dll
Event: 0.561 Loaded shared library D:\openjfx-21.0.11_windows-x64_bin-sdk\javafx-sdk-21.0.11\bin\vcruntime140.dll
Event: 0.563 Loaded shared library D:\openjfx-21.0.11_windows-x64_bin-sdk\javafx-sdk-21.0.11\bin\vcruntime140_1.dll
Event: 0.566 Loaded shared library D:\openjfx-21.0.11_windows-x64_bin-sdk\javafx-sdk-21.0.11\bin\msvcp140.dll
Event: 0.569 Loaded shared library D:\openjfx-21.0.11_windows-x64_bin-sdk\javafx-sdk-21.0.11\bin\msvcp140_1.dll
Event: 0.571 Loaded shared library D:\openjfx-21.0.11_windows-x64_bin-sdk\javafx-sdk-21.0.11\bin\msvcp140_2.dll
Event: 0.641 Loaded shared library D:\openjfx-21.0.11_windows-x64_bin-sdk\javafx-sdk-21.0.11\bin\prism_d3d.dll
Event: 0.750 Loaded shared library D:\openjfx-21.0.11_windows-x64_bin-sdk\javafx-sdk-21.0.11\bin\glass.dll
Event: 1.111 Loaded shared library D:\openjfx-21.0.11_windows-x64_bin-sdk\javafx-sdk-21.0.11\bin\javafx_font.dll
Event: 1.300 Loaded shared library C:\Users\ASUS\.jdks\ms-21.0.11\bin\jimage.dll

Deoptimization events (20 events):
Event: 54.240 Thread 0x000001ed8586e030 DEOPT PACKING pc=0x000001ed2ba0bb96 sp=0x000000c99dcfe450
Event: 54.240 Thread 0x000001ed8586e030 DEOPT UNPACKING pc=0x000001ed32784bc2 sp=0x000000c99dcfd8b8 mode 0
Event: 54.240 Thread 0x000001ed8586e030 DEOPT PACKING pc=0x000001ed2ba0bb96 sp=0x000000c99dcfe450
Event: 54.240 Thread 0x000001ed8586e030 DEOPT UNPACKING pc=0x000001ed32784bc2 sp=0x000000c99dcfd8b8 mode 0
Event: 54.241 Thread 0x000001ed8586e030 DEOPT PACKING pc=0x000001ed2ba0bb96 sp=0x000000c99dcfe450
Event: 54.241 Thread 0x000001ed8586e030 DEOPT UNPACKING pc=0x000001ed32784bc2 sp=0x000000c99dcfd8b8 mode 0
Event: 54.241 Thread 0x000001ed8586e030 DEOPT PACKING pc=0x000001ed2ba0bb96 sp=0x000000c99dcfe450
Event: 54.241 Thread 0x000001ed8586e030 DEOPT UNPACKING pc=0x000001ed32784bc2 sp=0x000000c99dcfd8b8 mode 0
Event: 54.241 Thread 0x000001ed8586e030 DEOPT PACKING pc=0x000001ed2ba0bb96 sp=0x000000c99dcfe450
Event: 54.241 Thread 0x000001ed8586e030 DEOPT UNPACKING pc=0x000001ed32784bc2 sp=0x000000c99dcfd8b8 mode 0
Event: 54.241 Thread 0x000001ed8586e030 DEOPT PACKING pc=0x000001ed2ba0bb96 sp=0x000000c99dcfe450
Event: 54.241 Thread 0x000001ed8586e030 DEOPT UNPACKING pc=0x000001ed32784bc2 sp=0x000000c99dcfd8b8 mode 0
Event: 54.241 Thread 0x000001ed8586e030 DEOPT PACKING pc=0x000001ed2ba0bb96 sp=0x000000c99dcfe450
Event: 54.241 Thread 0x000001ed8586e030 DEOPT UNPACKING pc=0x000001ed32784bc2 sp=0x000000c99dcfd8b8 mode 0
Event: 54.241 Thread 0x000001ed8586e030 DEOPT PACKING pc=0x000001ed2ba0bb96 sp=0x000000c99dcfe450
Event: 54.241 Thread 0x000001ed8586e030 DEOPT UNPACKING pc=0x000001ed32784bc2 sp=0x000000c99dcfd8b8 mode 0
Event: 54.243 Thread 0x000001ed8586e030 DEOPT PACKING pc=0x000001ed2ba0bb96 sp=0x000000c99dcfdbb0
Event: 54.243 Thread 0x000001ed8586e030 DEOPT UNPACKING pc=0x000001ed32784bc2 sp=0x000000c99dcfd018 mode 0
Event: 54.244 Thread 0x000001ed8586e030 DEOPT PACKING pc=0x000001ed2ba0bafa sp=0x000000c99dcfdbb0
Event: 54.244 Thread 0x000001ed8586e030 DEOPT UNPACKING pc=0x000001ed32784bc2 sp=0x000000c99dcfd018 mode 0

Classes loaded (20 events):
Event: 48.464 Loading class sun/util/locale/provider/BreakIteratorProviderImpl$GraphemeBreakIterator
Event: 48.464 Loading class sun/util/locale/provider/BreakIteratorProviderImpl$GraphemeBreakIterator done
Event: 48.464 Loading class java/text/StringCharacterIterator
Event: 48.465 Loading class java/text/StringCharacterIterator done
Event: 48.465 Loading class sun/util/locale/provider/BreakIteratorProviderImpl$CharacterIteratorCharSequence
Event: 48.465 Loading class sun/util/locale/provider/BreakIteratorProviderImpl$CharacterIteratorCharSequence done
Event: 48.465 Loading class java/text/BreakIterator$BreakIteratorCache
Event: 48.465 Loading class java/text/BreakIterator$BreakIteratorCache done
Event: 48.465 Loading class jdk/internal/util/regex/Grapheme
Event: 48.465 Loading class jdk/internal/util/regex/Grapheme done
Event: 54.087 Loading class java/util/BitSet
Event: 54.088 Loading class java/util/BitSet done
Event: 54.104 Loading class java/io/EOFException
Event: 54.104 Loading class java/io/EOFException done
Event: 54.104 Loading class java/io/SequenceInputStream
Event: 54.104 Loading class java/io/SequenceInputStream done
Event: 132.235 Loading class jdk/internal/misc/Signal$1
Event: 132.235 Loading class jdk/internal/misc/Signal$1 done
Event: 132.240 Loading class java/util/LinkedList$ListItr
Event: 132.241 Loading class java/util/LinkedList$ListItr done

Classes unloaded (0 events):
No events

Classes redefined (0 events):
No events

Internal exceptions (20 events):
Event: 1.811 Thread 0x000001ed8591c400 Exception <a 'java/io/FileNotFoundException'{0x0000000090d00ed0}> (0x0000000090d00ed0) 
thrown [s\src\hotspot\share\prims\jni.cpp, line 520]
Event: 1.845 Thread 0x000001ed8591c400 Exception <a 'java/lang/NoSuchMethodError'{0x0000000090d71088}: 'java.lang.Object java.lang.invoke.DirectMethodHandle$Holder.newInvokeSpecial(java.lang.Object, java.lang.Object, int)'> (0x0000000090d71088) 
thrown [s\src\hotspot\share\interpreter\linkResolver.cpp, line 773]
Event: 1.942 Thread 0x000001ed8586e030 Exception <a 'java/lang/NoSuchMethodError'{0x0000000090cf4318}: 'int java.lang.invoke.DirectMethodHandle$Holder.invokeStaticInit(java.lang.Object, java.lang.Object)'> (0x0000000090cf4318) 
thrown [s\src\hotspot\share\interpreter\linkResolver.cpp, line 773]
Event: 2.121 Thread 0x000001ed8586e030 Exception <a 'java/lang/NoSuchMethodError'{0x0000000092c239c0}: 'java.lang.Object java.lang.invoke.DirectMethodHandle$Holder.invokeStaticInit(java.lang.Object, int)'> (0x0000000092c239c0) 
thrown [s\src\hotspot\share\interpreter\linkResolver.cpp, line 773]
Event: 4.583 Thread 0x000001ed8591c400 Exception <a 'java/lang/NoSuchMethodError'{0x0000000092af89c8}: 'long java.lang.invoke.DirectMethodHandle$Holder.invokeStatic(java.lang.Object, java.lang.Object, java.lang.Object)'> (0x0000000092af89c8) 
thrown [s\src\hotspot\share\interpreter\linkResolver.cpp, line 773]
Event: 4.583 Thread 0x000001ed8591c400 Exception <a 'java/lang/NoSuchMethodError'{0x0000000092afbdd8}: 'long java.lang.invoke.DirectMethodHandle$Holder.invokeStaticInit(java.lang.Object, java.lang.Object, java.lang.Object)'> (0x0000000092afbdd8) 
thrown [s\src\hotspot\share\interpreter\linkResolver.cpp, line 773]
Event: 4.586 Thread 0x000001ed8591c400 Exception <a 'java/lang/NoSuchMethodError'{0x0000000092910c58}: 'java.lang.Object java.lang.invoke.DirectMethodHandle$Holder.newInvokeSpecial(java.lang.Object, java.lang.Object, long)'> (0x0000000092910c58) 
thrown [s\src\hotspot\share\interpreter\linkResolver.cpp, line 773]
Event: 4.586 Thread 0x000001ed8591c400 Exception <a 'java/lang/NoSuchMethodError'{0x0000000092914570}: 'java.lang.Object java.lang.invoke.Invokers$Holder.linkToTargetMethod(java.lang.Object, long, java.lang.Object)'> (0x0000000092914570) 
thrown [s\src\hotspot\share\interpreter\linkResolver.cpp, line 773]
Event: 4.826 Thread 0x000001ed8591c400 Exception <a 'java/lang/NoSuchMethodError'{0x000000009286ef58}: 'java.lang.Object java.lang.invoke.DirectMethodHandle$Holder.newInvokeSpecial(java.lang.Object, java.lang.Object, java.lang.Object, java.lang.Object, java.lang.Object, java.lang.Object, java.lang.Object)'> (0x000000009286ef58) 
thrown [s\src\hotspot\share\interpreter\linkResolver.cpp, line 773]
Event: 4.920 Thread 0x000001ed8591c400 Exception <a 'java/lang/ClassNotFoundException'{0x0000000092582f10}: com/sun/javafx/scene/control/skin/resources/controls> (0x0000000092582f10) 
thrown [s\src\hotspot\share\prims\jni.cpp, line 539]
Event: 4.921 Thread 0x000001ed8591c400 Exception <a 'java/lang/ClassNotFoundException'{0x00000000925916a8}: com/sun/javafx/scene/control/skin/resources/controls_en> (0x00000000925916a8) 
thrown [s\src\hotspot\share\prims\jni.cpp, line 539]
Event: 4.922 Thread 0x000001ed8591c400 Exception <a 'java/lang/ClassNotFoundException'{0x0000000092592ef0}: com/sun/javafx/scene/control/skin/resources/controls_en_US> (0x0000000092592ef0) 
thrown [s\src\hotspot\share\prims\jni.cpp, line 539]
Event: 4.963 Thread 0x000001ed8591c400 Exception <a 'java/lang/NoSuchMethodError'{0x0000000092320db0}: 'void java.lang.invoke.DirectMethodHandle$Holder.invokeSpecial(java.lang.Object, java.lang.Object, java.lang.Object, java.lang.Object, java.lang.Object, java.lang.Object)'> (0x0000000092320db0) 
thrown [s\src\hotspot\share\interpreter\linkResolver.cpp, line 773]
Event: 5.098 Thread 0x000001ed8591c400 Exception <a 'java/io/FileNotFoundException'{0x0000000091ecd4b8}> (0x0000000091ecd4b8) 
thrown [s\src\hotspot\share\prims\jni.cpp, line 520]
Event: 5.098 Thread 0x000001ed8591c400 Exception <a 'java/io/FileNotFoundException'{0x0000000091ecf068}> (0x0000000091ecf068) 
thrown [s\src\hotspot\share\prims\jni.cpp, line 520]
Event: 5.099 Thread 0x000001ed8591c400 Exception <a 'java/io/FileNotFoundException'{0x0000000091ed0c30}> (0x0000000091ed0c30) 
thrown [s\src\hotspot\share\prims\jni.cpp, line 520]
Event: 5.099 Thread 0x000001ed8591c400 Exception <a 'java/io/FileNotFoundException'{0x0000000091ed27e0}> (0x0000000091ed27e0) 
thrown [s\src\hotspot\share\prims\jni.cpp, line 520]
Event: 5.099 Thread 0x000001ed8591c400 Exception <a 'java/io/FileNotFoundException'{0x0000000091ed4488}> (0x0000000091ed4488) 
thrown [s\src\hotspot\share\prims\jni.cpp, line 520]
Event: 8.897 Thread 0x000001ed8591c400 Exception <a 'java/lang/NoSuchMethodError'{0x0000000091cb7560}: 'java.lang.Object java.lang.invoke.DirectMethodHandle$Holder.newInvokeSpecial(java.lang.Object, java.lang.Object, java.lang.Object, double, double, double, double, int, int, int, int, int, int, int, int, int)'> (0x0000000091cb7560) 
thrown [s\src\hotspot\share\interpreter\linkResolver.cpp, line 773]
Event: 45.608 Thread 0x000001ed8591c400 Implicit null exception at 0x000001ed32e1b2b1 to 0x000001ed32e1b950

ZGC Phase Switch (0 events):
No events

VM Operations (20 events):
Event: 51.068 Executing safepoint VM operation: Cleanup done
Event: 53.069 Executing safepoint VM operation: Cleanup
Event: 53.069 Executing safepoint VM operation: Cleanup done
Event: 54.070 Executing safepoint VM operation: Cleanup
Event: 54.070 Executing safepoint VM operation: Cleanup done
Event: 54.101 Executing non-safepoint VM operation: HandshakeAllThreads (Deoptimize)
Event: 54.101 Executing non-safepoint VM operation: HandshakeAllThreads (Deoptimize) done
Event: 54.114 Executing non-safepoint VM operation: HandshakeAllThreads (Deoptimize)
Event: 54.115 Executing non-safepoint VM operation: HandshakeAllThreads (Deoptimize) done
Event: 54.133 Executing non-safepoint VM operation: HandshakeAllThreads (Deoptimize)
Event: 54.134 Executing non-safepoint VM operation: HandshakeAllThreads (Deoptimize) done
Event: 55.134 Executing safepoint VM operation: Cleanup
Event: 55.134 Executing safepoint VM operation: Cleanup done
Event: 56.134 Executing safepoint VM operation: Cleanup
Event: 56.134 Executing safepoint VM operation: Cleanup done
Event: 60.184 Executing non-safepoint VM operation: HandshakeAllThreads (HandshakeForDeflation)
Event: 60.184 Executing non-safepoint VM operation: HandshakeAllThreads (HandshakeForDeflation) done
Event: 60.184 Executing non-safepoint VM operation: RendezvousGCThreads
Event: 60.184 Executing non-safepoint VM operation: RendezvousGCThreads done
Event: 132.240 Executing safepoint VM operation: Exit

Memory protections (0 events):
No events

Nmethod flushes (0 events):
No events

Events (20 events):
Event: 0.761 Thread 0x000001ed207b20c0 Thread added: 0x000001ed8591c400
Event: 0.884 Thread 0x000001ed3f5d8ed0 Thread exited: 0x000001ed3f5d8ed0
Event: 0.949 Thread 0x000001ed868c31c0 Thread added: 0x000001ed868c31c0
Event: 0.950 Thread 0x000001ed207b20c0 Thread added: 0x000001ed868c3830
Event: 1.181 Thread 0x000001ed3f4154a0 Thread added: 0x000001ed859a1aa0
Event: 1.612 Thread 0x000001ed8591c400 Thread added: 0x000001ed8643b9a0
Event: 1.901 Thread 0x000001ed859a1aa0 Thread exited: 0x000001ed859a1aa0
Event: 2.010 Thread 0x000001ed8586e030 Thread added: 0x000001ed85c02200
Event: 2.045 Thread 0x000001ed3f535700 Thread exited: 0x000001ed3f535700
Event: 4.845 Thread 0x000001ed3f4154a0 Thread added: 0x000001ed86c933b0
Event: 5.879 Thread 0x000001ed86c933b0 Thread exited: 0x000001ed86c933b0
Event: 54.150 Thread 0x000001ed3f4154a0 Thread added: 0x000001ed8584f010
Event: 56.652 Thread 0x000001ed8584f010 Thread exited: 0x000001ed8584f010
Event: 132.236 Thread 0x000001ed3f3fc950 Thread added: 0x000001ed85c01b70
Event: 132.237 Thread 0x000001ed85c01b70 Thread added: 0x000001ed85c02890
Event: 132.237 Thread 0x000001ed85c01b70 Thread added: 0x000001ed85c014e0
Event: 132.238 Thread 0x000001ed85c02890 Thread exited: 0x000001ed85c02890
Event: 132.240 Thread 0x000001ed85c014e0 Thread exited: 0x000001ed85c014e0
Event: 132.240 Thread 0x000001ed85c01b70 Before exit entered
Event: 132.240 Thread 0x000001ed3f3fc950 Thread exited: 0x000001ed3f3fc950


Dynamic libraries:
0x00007ff63abc0000 - 0x00007ff63abce000 	C:\Users\ASUS\.jdks\ms-21.0.11\bin\java.exe
0x00007ff98d4e0000 - 0x00007ff98d747000 	C:\WINDOWS\SYSTEM32\ntdll.dll
0x00007ff98b4b0000 - 0x00007ff98b579000 	C:\WINDOWS\System32\KERNEL32.DLL
0x00007ff98a270000 - 0x00007ff98a667000 	C:\WINDOWS\System32\KERNELBASE.dll
0x00007ff989fa0000 - 0x00007ff98a0eb000 	C:\WINDOWS\System32\ucrtbase.dll
0x00007ff985250000 - 0x00007ff985268000 	C:\Users\ASUS\.jdks\ms-21.0.11\bin\jli.dll
0x00007ff97a220000 - 0x00007ff97a23e000 	C:\Users\ASUS\.jdks\ms-21.0.11\bin\VCRUNTIME140.dll
0x00007ff98b2d0000 - 0x00007ff98b496000 	C:\WINDOWS\System32\USER32.dll
0x00007ff98a720000 - 0x00007ff98a747000 	C:\WINDOWS\System32\win32u.dll
0x00007ff98cba0000 - 0x00007ff98cbcb000 	C:\WINDOWS\System32\GDI32.dll
0x00007ff976d20000 - 0x00007ff976fb2000 	C:\WINDOWS\WinSxS\amd64_microsoft.windows.common-controls_6595b64144ccf1df_6.0.26100.8457_none_3e0b2faee331e92d\COMCTL32.dll
0x00007ff98cc70000 - 0x00007ff98cd19000 	C:\WINDOWS\System32\msvcrt.dll
0x00007ff98a810000 - 0x00007ff98a93c000 	C:\WINDOWS\System32\gdi32full.dll
0x00007ff98a670000 - 0x00007ff98a713000 	C:\WINDOWS\System32\msvcp_win.dll
0x00007ff98ca00000 - 0x00007ff98ca32000 	C:\WINDOWS\System32\IMM32.DLL
0x0000000058020000 - 0x000000005802d000 	C:\Program Files (x86)\360\Total Security\safemon\SafeWrapper.dll
0x00007ff98c910000 - 0x00007ff98c9c6000 	C:\WINDOWS\System32\ADVAPI32.dll
0x00007ff98c1d0000 - 0x00007ff98c277000 	C:\WINDOWS\System32\sechost.dll
0x00007ff98bc80000 - 0x00007ff98bd98000 	C:\WINDOWS\System32\RPCRT4.dll
0x00007ff984e10000 - 0x00007ff984f15000 	C:\Program Files (x86)\360\Total Security\safemon\libzdtp64.dll
0x00007ff98cd20000 - 0x00007ff98d48e000 	C:\WINDOWS\System32\SHELL32.dll
0x00007ff98b260000 - 0x00007ff98b2c6000 	C:\WINDOWS\System32\SHLWAPI.dll
0x00007ff98a940000 - 0x00007ff98b1ac000 	C:\WINDOWS\System32\Windows.Storage.dll
0x00007ff98b7f0000 - 0x00007ff98bb73000 	C:\WINDOWS\System32\combase.dll
0x00007ff9899f0000 - 0x00007ff9899fb000 	C:\WINDOWS\SYSTEM32\VERSION.dll
0x00007ff97d780000 - 0x00007ff97d78c000 	C:\Users\ASUS\.jdks\ms-21.0.11\bin\vcruntime140_1.dll
0x00007ff95b900000 - 0x00007ff95b989000 	C:\Users\ASUS\.jdks\ms-21.0.11\bin\msvcp140.dll
0x00007ff8f1d50000 - 0x00007ff8f2afe000 	C:\Users\ASUS\.jdks\ms-21.0.11\bin\server\jvm.dll
0x00007ff98cbd0000 - 0x00007ff98cc50000 	C:\WINDOWS\System32\WS2_32.dll
0x00007ff989d70000 - 0x00007ff989dce000 	C:\WINDOWS\SYSTEM32\POWRPROF.dll
0x00007ff97f370000 - 0x00007ff97f3a6000 	C:\WINDOWS\SYSTEM32\WINMM.dll
0x00007ff989d50000 - 0x00007ff989d64000 	C:\WINDOWS\SYSTEM32\UMPDC.dll
0x00007ff988c30000 - 0x00007ff988c4b000 	C:\WINDOWS\SYSTEM32\kernel.appcore.dll
0x00007ff97a1f0000 - 0x00007ff97a1fa000 	C:\Users\ASUS\.jdks\ms-21.0.11\bin\jimage.dll
0x00007ff988050000 - 0x00007ff988292000 	C:\WINDOWS\SYSTEM32\DBGHELP.DLL
0x00007ff98c280000 - 0x00007ff98c359000 	C:\WINDOWS\System32\OLEAUT32.dll
0x00007ff964340000 - 0x00007ff96437b000 	C:\WINDOWS\SYSTEM32\dbgcore.DLL
0x00007ff98b1b0000 - 0x00007ff98b258000 	C:\WINDOWS\System32\bcryptPrimitives.dll
0x00007ff978010000 - 0x00007ff978020000 	C:\Users\ASUS\.jdks\ms-21.0.11\bin\instrument.dll
0x00007ff9735d0000 - 0x00007ff9735f1000 	C:\Users\ASUS\.jdks\ms-21.0.11\bin\java.dll
0x00007ff98bb80000 - 0x00007ff98bc76000 	C:\WINDOWS\System32\SHCORE.dll
0x00007ff989e30000 - 0x00007ff989e59000 	C:\WINDOWS\SYSTEM32\profapi.dll
0x00007ff938970000 - 0x00007ff938a46000 	C:\Users\ASUS\.jdks\ms-21.0.11\bin\jsvml.dll
0x00007ff9616a0000 - 0x00007ff9616b1000 	C:\Users\ASUS\.jdks\ms-21.0.11\bin\net.dll
0x00007ff983a80000 - 0x00007ff983ba9000 	C:\WINDOWS\SYSTEM32\WINHTTP.dll
0x00007ff9891a0000 - 0x00007ff98920c000 	C:\WINDOWS\system32\mswsock.dll
0x00007ff969aa0000 - 0x00007ff969ab6000 	C:\Users\ASUS\.jdks\ms-21.0.11\bin\nio.dll
0x00007ff961680000 - 0x00007ff961698000 	C:\Users\ASUS\.jdks\ms-21.0.11\bin\zip.dll
0x00007ff972dd0000 - 0x00007ff972dd9000 	C:\Users\ASUS\.jdks\ms-21.0.11\bin\extnet.dll
0x000001ed20b90000 - 0x000001ed20b93000 	D:\openjfx-21.0.11_windows-x64_bin-sdk\javafx-sdk-21.0.11\bin\api-ms-win-core-console-l1-1-0.dll
0x000001ed20bb0000 - 0x000001ed20bb4000 	C:\Users\ASUS\.jdks\ms-21.0.11\bin\api-ms-win-core-console-l1-2-0.dll
0x000001ed20bc0000 - 0x000001ed20bc3000 	D:\openjfx-21.0.11_windows-x64_bin-sdk\javafx-sdk-21.0.11\bin\api-ms-win-core-datetime-l1-1-0.dll
0x000001ed22a40000 - 0x000001ed22a43000 	D:\openjfx-21.0.11_windows-x64_bin-sdk\javafx-sdk-21.0.11\bin\api-ms-win-core-debug-l1-1-0.dll
0x000001ed22a50000 - 0x000001ed22a53000 	D:\openjfx-21.0.11_windows-x64_bin-sdk\javafx-sdk-21.0.11\bin\api-ms-win-core-errorhandling-l1-1-0.dll
0x000001ed22a60000 - 0x000001ed22a64000 	D:\openjfx-21.0.11_windows-x64_bin-sdk\javafx-sdk-21.0.11\bin\api-ms-win-core-file-l1-1-0.dll
0x000001ed22a70000 - 0x000001ed22a73000 	D:\openjfx-21.0.11_windows-x64_bin-sdk\javafx-sdk-21.0.11\bin\api-ms-win-core-file-l1-2-0.dll
0x000001ed22a80000 - 0x000001ed22a83000 	D:\openjfx-21.0.11_windows-x64_bin-sdk\javafx-sdk-21.0.11\bin\api-ms-win-core-file-l2-1-0.dll
0x000001ed3f830000 - 0x000001ed3f833000 	D:\openjfx-21.0.11_windows-x64_bin-sdk\javafx-sdk-21.0.11\bin\api-ms-win-core-handle-l1-1-0.dll
0x000001ed3f840000 - 0x000001ed3f843000 	D:\openjfx-21.0.11_windows-x64_bin-sdk\javafx-sdk-21.0.11\bin\api-ms-win-core-heap-l1-1-0.dll
0x000001ed3f850000 - 0x000001ed3f853000 	D:\openjfx-21.0.11_windows-x64_bin-sdk\javafx-sdk-21.0.11\bin\api-ms-win-core-interlocked-l1-1-0.dll
0x000001ed3f860000 - 0x000001ed3f863000 	D:\openjfx-21.0.11_windows-x64_bin-sdk\javafx-sdk-21.0.11\bin\api-ms-win-core-libraryloader-l1-1-0.dll
0x000001ed3f870000 - 0x000001ed3f873000 	D:\openjfx-21.0.11_windows-x64_bin-sdk\javafx-sdk-21.0.11\bin\api-ms-win-core-localization-l1-2-0.dll
0x000001ed3f880000 - 0x000001ed3f883000 	D:\openjfx-21.0.11_windows-x64_bin-sdk\javafx-sdk-21.0.11\bin\api-ms-win-core-memory-l1-1-0.dll
0x000001ed3f890000 - 0x000001ed3f893000 	D:\openjfx-21.0.11_windows-x64_bin-sdk\javafx-sdk-21.0.11\bin\api-ms-win-core-namedpipe-l1-1-0.dll
0x000001ed3f8a0000 - 0x000001ed3f8a3000 	D:\openjfx-21.0.11_windows-x64_bin-sdk\javafx-sdk-21.0.11\bin\api-ms-win-core-processenvironment-l1-1-0.dll
0x000001ed3f8b0000 - 0x000001ed3f8b3000 	D:\openjfx-21.0.11_windows-x64_bin-sdk\javafx-sdk-21.0.11\bin\api-ms-win-core-processthreads-l1-1-0.dll
0x000001ed3f8c0000 - 0x000001ed3f8c3000 	D:\openjfx-21.0.11_windows-x64_bin-sdk\javafx-sdk-21.0.11\bin\api-ms-win-core-processthreads-l1-1-1.dll
0x000001ed3f8d0000 - 0x000001ed3f8d3000 	D:\openjfx-21.0.11_windows-x64_bin-sdk\javafx-sdk-21.0.11\bin\api-ms-win-core-profile-l1-1-0.dll
0x000001ed3f8e0000 - 0x000001ed3f8e3000 	D:\openjfx-21.0.11_windows-x64_bin-sdk\javafx-sdk-21.0.11\bin\api-ms-win-core-rtlsupport-l1-1-0.dll
0x000001ed3f8f0000 - 0x000001ed3f8f3000 	D:\openjfx-21.0.11_windows-x64_bin-sdk\javafx-sdk-21.0.11\bin\api-ms-win-core-string-l1-1-0.dll
0x000001ed3f900000 - 0x000001ed3f903000 	D:\openjfx-21.0.11_windows-x64_bin-sdk\javafx-sdk-21.0.11\bin\api-ms-win-core-synch-l1-1-0.dll
0x000001ed3f910000 - 0x000001ed3f913000 	D:\openjfx-21.0.11_windows-x64_bin-sdk\javafx-sdk-21.0.11\bin\api-ms-win-core-synch-l1-2-0.dll
0x000001ed3f920000 - 0x000001ed3f923000 	D:\openjfx-21.0.11_windows-x64_bin-sdk\javafx-sdk-21.0.11\bin\api-ms-win-core-sysinfo-l1-1-0.dll
0x000001ed3f930000 - 0x000001ed3f933000 	D:\openjfx-21.0.11_windows-x64_bin-sdk\javafx-sdk-21.0.11\bin\api-ms-win-core-timezone-l1-1-0.dll
0x000001ed3f940000 - 0x000001ed3f943000 	D:\openjfx-21.0.11_windows-x64_bin-sdk\javafx-sdk-21.0.11\bin\api-ms-win-core-util-l1-1-0.dll
0x000001ed3f950000 - 0x000001ed3f953000 	D:\openjfx-21.0.11_windows-x64_bin-sdk\javafx-sdk-21.0.11\bin\api-ms-win-crt-conio-l1-1-0.dll
0x000001ed3f960000 - 0x000001ed3f964000 	D:\openjfx-21.0.11_windows-x64_bin-sdk\javafx-sdk-21.0.11\bin\api-ms-win-crt-convert-l1-1-0.dll
0x000001ed3f970000 - 0x000001ed3f973000 	D:\openjfx-21.0.11_windows-x64_bin-sdk\javafx-sdk-21.0.11\bin\api-ms-win-crt-environment-l1-1-0.dll
0x000001ed3f980000 - 0x000001ed3f983000 	D:\openjfx-21.0.11_windows-x64_bin-sdk\javafx-sdk-21.0.11\bin\api-ms-win-crt-filesystem-l1-1-0.dll
0x000001ed3f990000 - 0x000001ed3f993000 	D:\openjfx-21.0.11_windows-x64_bin-sdk\javafx-sdk-21.0.11\bin\api-ms-win-crt-heap-l1-1-0.dll
0x000001ed3f9a0000 - 0x000001ed3f9a3000 	D:\openjfx-21.0.11_windows-x64_bin-sdk\javafx-sdk-21.0.11\bin\api-ms-win-crt-locale-l1-1-0.dll
0x000001ed3f9b0000 - 0x000001ed3f9b5000 	D:\openjfx-21.0.11_windows-x64_bin-sdk\javafx-sdk-21.0.11\bin\api-ms-win-crt-math-l1-1-0.dll
0x000001ed3f9c0000 - 0x000001ed3f9c5000 	D:\openjfx-21.0.11_windows-x64_bin-sdk\javafx-sdk-21.0.11\bin\api-ms-win-crt-multibyte-l1-1-0.dll
0x000001ed3f9d0000 - 0x000001ed3f9df000 	D:\openjfx-21.0.11_windows-x64_bin-sdk\javafx-sdk-21.0.11\bin\api-ms-win-crt-private-l1-1-0.dll
0x000001ed3f9e0000 - 0x000001ed3f9e3000 	D:\openjfx-21.0.11_windows-x64_bin-sdk\javafx-sdk-21.0.11\bin\api-ms-win-crt-process-l1-1-0.dll
0x000001ed3f9f0000 - 0x000001ed3f9f4000 	D:\openjfx-21.0.11_windows-x64_bin-sdk\javafx-sdk-21.0.11\bin\api-ms-win-crt-runtime-l1-1-0.dll
0x000001ed3fa00000 - 0x000001ed3fa04000 	D:\openjfx-21.0.11_windows-x64_bin-sdk\javafx-sdk-21.0.11\bin\api-ms-win-crt-stdio-l1-1-0.dll
0x000001ed3fa10000 - 0x000001ed3fa14000 	D:\openjfx-21.0.11_windows-x64_bin-sdk\javafx-sdk-21.0.11\bin\api-ms-win-crt-string-l1-1-0.dll
0x000001ed3fa20000 - 0x000001ed3fa23000 	D:\openjfx-21.0.11_windows-x64_bin-sdk\javafx-sdk-21.0.11\bin\api-ms-win-crt-time-l1-1-0.dll
0x000001ed3fa30000 - 0x000001ed3fa33000 	D:\openjfx-21.0.11_windows-x64_bin-sdk\javafx-sdk-21.0.11\bin\api-ms-win-crt-utility-l1-1-0.dll
0x00007ff938870000 - 0x00007ff938962000 	D:\openjfx-21.0.11_windows-x64_bin-sdk\javafx-sdk-21.0.11\bin\ucrtbase.dll
0x00007ff961510000 - 0x00007ff96152b000 	D:\openjfx-21.0.11_windows-x64_bin-sdk\javafx-sdk-21.0.11\bin\vcruntime140.dll
0x00007ff968da0000 - 0x00007ff968dac000 	D:\openjfx-21.0.11_windows-x64_bin-sdk\javafx-sdk-21.0.11\bin\vcruntime140_1.dll
0x00007ff95b290000 - 0x00007ff95b31e000 	D:\openjfx-21.0.11_windows-x64_bin-sdk\javafx-sdk-21.0.11\bin\msvcp140.dll
0x00007ff9681a0000 - 0x00007ff9681a9000 	D:\openjfx-21.0.11_windows-x64_bin-sdk\javafx-sdk-21.0.11\bin\msvcp140_1.dll
0x00007ff953f00000 - 0x00007ff953f41000 	D:\openjfx-21.0.11_windows-x64_bin-sdk\javafx-sdk-21.0.11\bin\msvcp140_2.dll
0x00007ff95cbc0000 - 0x00007ff95cbf0000 	D:\openjfx-21.0.11_windows-x64_bin-sdk\javafx-sdk-21.0.11\bin\prism_d3d.dll
0x00007ff936b50000 - 0x00007ff936d03000 	C:\WINDOWS\system32\d3d9.dll
0x00007ff9878b0000 - 0x00007ff9878df000 	C:\WINDOWS\SYSTEM32\dwmapi.dll
0x00007ff9876f0000 - 0x00007ff987735000 	C:\WINDOWS\SYSTEM32\dxcore.dll
0x00007ff987600000 - 0x00007ff9876aa000 	C:\WINDOWS\system32\uxtheme.dll
0x00007ff960970000 - 0x00007ff960990000 	C:\WINDOWS\System32\DriverStore\FileRepository\u0419717.inf_amd64_21c10f54bf9e95f8\B419298\atidx9loader64.dll
0x00007ff8bdd90000 - 0x00007ff8c04ab000 	C:\WINDOWS\System32\DriverStore\FileRepository\u0419717.inf_amd64_21c10f54bf9e95f8\B419298\AMDXN64.DLL
0x00007ff98c010000 - 0x00007ff98c1a7000 	C:\WINDOWS\System32\ole32.dll
0x00007ff98c420000 - 0x00007ff98c8a7000 	C:\WINDOWS\System32\SETUPAPI.dll
0x00007ff987740000 - 0x00007ff98787e000 	C:\WINDOWS\SYSTEM32\dxgi.dll
0x00007ff989e00000 - 0x00007ff989e2a000 	C:\WINDOWS\SYSTEM32\BCrypt.dll
0x00007ff97e8c0000 - 0x00007ff97e8fc000 	C:\WINDOWS\System32\DriverStore\FileRepository\u0419717.inf_amd64_21c10f54bf9e95f8\B419298\amdihk64.dll
0x00007ff983680000 - 0x00007ff9836e1000 	C:\WINDOWS\SYSTEM32\directxdatabasehelper.dll
0x00007ff948280000 - 0x00007ff9482c2000 	D:\openjfx-21.0.11_windows-x64_bin-sdk\javafx-sdk-21.0.11\bin\glass.dll
0x00007ff98b6e0000 - 0x00007ff98b7d0000 	C:\WINDOWS\System32\COMDLG32.dll
0x00007ff98ca40000 - 0x00007ff98cb9c000 	C:\WINDOWS\System32\MSCTF.dll
0x00007ff95bb00000 - 0x00007ff95bb15000 	D:\openjfx-21.0.11_windows-x64_bin-sdk\javafx-sdk-21.0.11\bin\javafx_font.dll
0x00007ff985d60000 - 0x00007ff985fc7000 	C:\WINDOWS\SYSTEM32\dwrite.dll
0x00007ff98c360000 - 0x00007ff98c40e000 	C:\WINDOWS\System32\clbcatq.dll
0x00007ff985b30000 - 0x00007ff985d5d000 	C:\WINDOWS\SYSTEM32\WindowsCodecs.dll
0x00007ff9708d0000 - 0x00007ff97092a000 	C:\WINDOWS\system32\dataexchange.dll
0x00007ff97dc40000 - 0x00007ff97de8e000 	C:\WINDOWS\system32\twinapi.appcore.dll
0x00007ff94c970000 - 0x00007ff94c99c000 	C:\Program Files\Common Files\Microsoft Shared\Ink\rtscom.dll
0x00007ff979310000 - 0x00007ff979456000 	C:\WINDOWS\SYSTEM32\textinputframework.dll
0x00007ff986b70000 - 0x00007ff986c97000 	C:\WINDOWS\SYSTEM32\CoreMessaging.dll
0x00007ff982ed0000 - 0x00007ff9831b2000 	C:\WINDOWS\SYSTEM32\CoreUIComponents.dll
0x00007ff9836f0000 - 0x00007ff98385a000 	C:\WINDOWS\SYSTEM32\wintypes.dll
0x00007ff9894a0000 - 0x00007ff9894ac000 	C:\WINDOWS\SYSTEM32\CRYPTBASE.DLL
0x00007ff970220000 - 0x00007ff97029f000 	C:\WINDOWS\system32\Ninput.dll

JVMTI agents:
C:\Program Files\JetBrains\IntelliJ IDEA 2025.3.2\lib\idea_rt.jar path:C:\Users\ASUS\.jdks\ms-21.0.11\bin\instrument.dll, loaded, initialized, instrumentlib options:51641

dbghelp: loaded successfully - version: 4.0.5 - missing functions: none
symbol engine: initialized successfully - sym options: 0x614 - pdb path: .;C:\Users\ASUS\.jdks\ms-21.0.11\bin;C:\WINDOWS\SYSTEM32;C:\WINDOWS\WinSxS\amd64_microsoft.windows.common-controls_6595b64144ccf1df_6.0.26100.8457_none_3e0b2faee331e92d;C:\Program Files (x86)\360\Total Security\safemon;C:\Users\ASUS\.jdks\ms-21.0.11\bin\server;D:\openjfx-21.0.11_windows-x64_bin-sdk\javafx-sdk-21.0.11\bin;C:\WINDOWS\System32\DriverStore\FileRepository\u0419717.inf_amd64_21c10f54bf9e95f8\B419298;C:\Program Files\Common Files\Microsoft Shared\Ink

VM Arguments:
jvm_args: --module-path=D:\openjfx-21.0.11_windows-x64_bin-sdk\javafx-sdk-21.0.11\lib --add-modules=javafx.controls,javafx.fxml -javaagent:C:\Program Files\JetBrains\IntelliJ IDEA 2025.3.2\lib\idea_rt.jar=51641 -Dfile.encoding=UTF-8 -Dsun.stdout.encoding=UTF-8 -Dsun.stderr.encoding=UTF-8 
java_command: com.CareVibe.Main
java_class_path (initial): D:\carevibe-fe\CareVibe\CareVibe\target\classes;C:\Users\ASUS\.m2\repository\org\openjfx\javafx-controls\21.0.2\javafx-controls-21.0.2.jar;C:\Users\ASUS\.m2\repository\org\openjfx\javafx-controls\21.0.2\javafx-controls-21.0.2-win.jar;C:\Users\ASUS\.m2\repository\org\openjfx\javafx-graphics\21.0.2\javafx-graphics-21.0.2.jar;C:\Users\ASUS\.m2\repository\org\openjfx\javafx-graphics\21.0.2\javafx-graphics-21.0.2-win.jar;C:\Users\ASUS\.m2\repository\org\openjfx\javafx-base\21.0.2\javafx-base-21.0.2.jar;C:\Users\ASUS\.m2\repository\org\openjfx\javafx-base\21.0.2\javafx-base-21.0.2-win.jar;C:\Users\ASUS\.m2\repository\org\openjfx\javafx-fxml\21.0.2\javafx-fxml-21.0.2.jar;C:\Users\ASUS\.m2\repository\org\openjfx\javafx-fxml\21.0.2\javafx-fxml-21.0.2-win.jar
Launcher Type: SUN_STANDARD

[Global flags]
     intx CICompilerCount                          = 4                                         {product} {ergonomic}
     uint ConcGCThreads                            = 2                                         {product} {ergonomic}
     uint G1ConcRefinementThreads                  = 8                                         {product} {ergonomic}
   size_t G1HeapRegionSize                         = 1048576                                   {product} {ergonomic}
    uintx GCDrainStackTargetSize                   = 64                                        {product} {ergonomic}
   size_t InitialHeapSize                          = 123731968                                 {product} {ergonomic}
   size_t MarkStackSize                            = 4194304                                   {product} {ergonomic}
   size_t MaxHeapSize                              = 1954545664                                {product} {ergonomic}
   size_t MaxNewSize                               = 1172307968                                {product} {ergonomic}
   size_t MinHeapDeltaBytes                        = 1048576                                   {product} {ergonomic}
   size_t MinHeapSize                              = 8388608                                   {product} {ergonomic}
    uintx NonNMethodCodeHeapSize                   = 5839372                                {pd product} {ergonomic}
    uintx NonProfiledCodeHeapSize                  = 122909434                              {pd product} {ergonomic}
    uintx ProfiledCodeHeapSize                     = 122909434                              {pd product} {ergonomic}
    uintx ReservedCodeCacheSize                    = 251658240                              {pd product} {ergonomic}
     bool SegmentedCodeCache                       = true                                      {product} {ergonomic}
   size_t SoftMaxHeapSize                          = 1954545664                             {manageable} {ergonomic}
     bool UseCompressedOops                        = true                           {product lp64_product} {ergonomic}
     bool UseG1GC                                  = true                                      {product} {ergonomic}
     bool UseLargePagesIndividualAllocation        = false                                  {pd product} {ergonomic}

Logging:
Log output configuration:
 #0: stdout all=off uptime,level,tags foldmultilines=false
 #1: stderr all=off uptime,level,tags foldmultilines=false

Release file:
IMPLEMENTOR="Microsoft" 
IMPLEMENTOR_VERSION="Microsoft-13877171" 
JAVA_RUNTIME_VERSION="21.0.11+10-LTS" 
JAVA_VERSION="21.0.11" 
JAVA_VERSION_DATE="2026-04-21" 
LIBC="default" 
MODULES="java.base java.compiler java.datatransfer java.xml java.prefs java.desktop java.instrument java.logging java.management java.security.sasl java.naming java.rmi java.management.rmi java.net.http java.scripting java.security.jgss java.transaction.xa java.sql java.sql.rowset java.xml.crypto java.se java.smartcardio jdk.accessibility jdk.internal.jvmstat jdk.attach jdk.charsets jdk.internal.opt jdk.zipfs jdk.compiler jdk.crypto.ec jdk.crypto.cryptoki jdk.crypto.mscapi jdk.dynalink jdk.internal.ed jdk.editpad jdk.hotspot.agent jdk.httpserver jdk.incubator.vector jdk.internal.le jdk.internal.vm.ci jdk.internal.vm.compiler jdk.internal.vm.compiler.management jdk.jartool jdk.javadoc jdk.jcmd jdk.management jdk.management.agent jdk.jconsole jdk.jdeps jdk.jdwp.agent jdk.jdi jdk.jfr jdk.jlink jdk.jpackage jdk.jshell jdk.jsobject jdk.jstatd jdk.localedata jdk.management.jfr jdk.naming.dns jdk.naming.rmi jdk.net jdk.nio.mapmode jdk.random jdk.sctp jdk.security.auth jdk.security.jgss jdk.unsupported jdk.unsupported.desktop jdk.xml.dom" 
OS_ARCH="x86_64" 
OS_NAME="Windows" 
SOURCE=".:git:87e312d67249" 

Environment Variables:
PATH=C:\Program Files\Common Files\Oracle\Java\javapath;C:\WINDOWS\system32;C:\MinGW\bin;C:\WINDOWS;C:\WINDOWS\System32\Wbem;C:\WINDOWS\System32\WindowsPowerShell\v1.0\;C:\WINDOWS\System32\OpenSSH\;C:\FPC\3.2.2\bin\i386-Win32;C:\Program Files\PostgreSQL\17;D:\node js\;C:\Program Files\Git\cmd;C:\Program Files\Java\jdk-25.0.2\bin;;C:\Program Files\Docker\Docker\resources\bin;C:\Users\ASUS\AppData\Local\Programs\Python\Python312\Scripts\;C:\MinGW\bin;C:\Users\ASUS\AppData\Local\Programs\Python\Python312\;C:\Users\ASUS\AppData\Local\Programs\Python\Launcher\;C:\Users\ASUS\AppData\Local\Microsoft\WindowsApps;C:\Users\ASUS\AppData\Local\Programs\Microsoft VS Code\bin;C:\Users\ASUS\AppData\Roaming\npm;C:\Program Files\JetBrains\IntelliJ IDEA 2025.3.2\bin
USERNAME=ASUS
OS=Windows_NT
PROCESSOR_IDENTIFIER=AMD64 Family 23 Model 160 Stepping 0, AuthenticAMD
TMP=C:\Users\ASUS\AppData\Local\Temp
TEMP=C:\Users\ASUS\AppData\Local\Temp




Periodic native trim disabled

---------------  S Y S T E M  ---------------

OS:
 Windows 11 , 64 bit Build 26100 (10.0.26100.8328)
OS uptime: 13 days 16:30 hours
Hyper-V role detected

CPU: total 8 (initial active 8) (8 cores per cpu, 2 threads per core) family 23 model 160 stepping 0 microcode 0x8a00006, cx8, cmov, fxsr, ht, mmx, 3dnowpref, sse, sse2, sse3, ssse3, sse4a, sse4.1, sse4.2, popcnt, lzcnt, tsc, tscinvbit, avx, avx2, aes, clmul, bmi1, bmi2, adx, sha, fma, vzeroupper, clflush, clflushopt, hv, rdtscp, rdpid, f16c
Processor Information for the first 8 processors :
  Max Mhz: 2801, Current Mhz: 2483, Mhz Limit: 2801

Memory: 4k page, system-wide physical 7455M (1046M free)
TotalPageFile size 21147M (AvailPageFile size 6295M)
current process WorkingSet (physical memory assigned to process): 221M, peak: 243M
current process commit charge ("private bytes"): 349M, peak: 371M

vm_info: OpenJDK 64-Bit Server VM (21.0.11+10-LTS) for windows-amd64 JRE (21.0.11+10-LTS), built on 2026-04-18T18:13:49Z by "MicrosoftCorporation" with MS VC++ 17.14 (VS2022)

END.
